<?xml version="1.0" encoding="UTF-8"?>
<testng-results skipped="0" failed="0" total="1" passed="1">
  <reporter-output>
  </reporter-output>
  <suite name="Default suite" duration-ms="1803" started-at="2022-05-05T01:37:07Z" finished-at="2022-05-05T01:37:09Z">
    <groups>
    </groups>
    <test name="Default test" duration-ms="1803" started-at="2022-05-05T01:37:07Z" finished-at="2022-05-05T01:37:09Z">
      <class name="upskill.dummy.restAssuredTest.PostNewEmployeeRecords">
        <test-method status="PASS" signature="postNewEmployeeDetails()[pri:0, instance:upskill.dummy.restAssuredTest.PostNewEmployeeRecords@9711b]" name="postNewEmployeeDetails" duration-ms="1779" started-at="2022-05-04T21:37:08Z" finished-at="2022-05-04T21:37:09Z">
          <reporter-output>
          </reporter-output>
        </test-method> <!-- postNewEmployeeDetails -->
      </class> <!-- upskill.dummy.restAssuredTest.PostNewEmployeeRecords -->
    </test> <!-- Default test -->
  </suite> <!-- Default suite -->
</testng-results>
